-------------------------------------------------------------------------------
Test set: pruebas._05_Timeouts_Spec
-------------------------------------------------------------------------------
Tests run: 1, Failures: 1, Errors: 0, Skipped: 0, Time elapsed: 0.219 s <<< FAILURE! - in pruebas._05_Timeouts_Spec
pruebas._05_Timeouts_Spec.Esta prueba debe ejecutarse en el tiempo estipulado  Time elapsed: 0.215 s  <<< FAILURE!
org.spockframework.runtime.SpockTimeoutError: Method timed out after 0,20 seconds
	at pruebas._05_Timeouts_Spec.Esta prueba debe ejecutarse en el tiempo estipulado(_05_Timeouts_Spec.groovy:22)

